<?xml version="1.0" encoding="UTF-8"?>
<testng-results skipped="0" failed="0" total="1" passed="1">
  <reporter-output>
  </reporter-output>
  <suite name="Default suite" duration-ms="20255" started-at="2019-04-29T10:29:10Z" finished-at="2019-04-29T10:29:30Z">
    <groups>
    </groups>
    <test name="Default test" duration-ms="20255" started-at="2019-04-29T10:29:10Z" finished-at="2019-04-29T10:29:30Z">
      <class name="Cucumber1.Automate.LoginpageTest">
        <test-method status="PASS" signature="login()[pri:0, instance:Cucumber1.Automate.LoginpageTest@51e5fc98]" name="login" duration-ms="20215" started-at="2019-04-29T15:59:10Z" finished-at="2019-04-29T15:59:30Z">
          <reporter-output>
          </reporter-output>
        </test-method> <!-- login -->
      </class> <!-- Cucumber1.Automate.LoginpageTest -->
    </test> <!-- Default test -->
  </suite> <!-- Default suite -->
</testng-results>
